#
# There is insufficient memory for the Java Runtime Environment to continue.
# Native memory allocation (mmap) failed to map 25165824 bytes for G1 virtual space
# Possible reasons:
#   The system is out of physical RAM or swap space
#   The process is running with CompressedOops enabled, and the Java Heap may be blocking the growth of the native heap
# Possible solutions:
#   Reduce memory load on the system
#   Increase physical memory or swap space
#   Check if swap backing store is full
#   Decrease Java heap size (-Xmx/-Xms)
#   Decrease number of Java threads
#   Decrease Java thread stack sizes (-Xss)
#   Set larger code cache with -XX:ReservedCodeCacheSize=
#   JVM is running with Unscaled Compressed Oops mode in which the Java heap is
#     placed in the first 4GB address space. The Java Heap base address is the
#     maximum limit for the native heap growth. Please use -XX:HeapBaseMinAddress
#     to set the Java Heap base and to place the Java Heap above 4GB virtual address.
# This output file may be truncated or incomplete.
#
#  Out of Memory Error (os_windows.cpp:3550), pid=5816, tid=5848
#
# JRE version: Java(TM) SE Runtime Environment (17.0.7+8) (build 17.0.7+8-LTS-224)
# Java VM: Java HotSpot(TM) 64-Bit Server VM (17.0.7+8-LTS-224, mixed mode, sharing, tiered, compressed oops, compressed class ptrs, g1 gc, windows-amd64)
# No core dump will be written. Minidumps are not enabled by default on client versions of Windows
#

---------------  S U M M A R Y ------------

Command Line: -Dclassworlds.conf=C:\Program Files\NetBeans-13\netbeans\java\maven\bin\m2.conf -Dmaven.home=C:\Program Files\NetBeans-13\netbeans\java\maven -Dlibrary.jansi.path=C:\Program Files\NetBeans-13\netbeans\java\maven\lib\jansi-native -Dmaven.multiModuleProjectDirectory=C:\Users\HOSTOS\Documents\NBProyects\ApiAuth org.codehaus.plexus.classworlds.launcher.Launcher -Drun.jvmArguments=-noverify -XX:TieredStopAtLevel=1 -Drun.mainClass=pe.mybusiness.ApiAuth.ApiAuthApplication -Dexec.vmArgs= -Dexec.appArgs= -Dmaven.ext.class.path=C:\Program Files\NetBeans-13\netbeans\java\maven-nblib\netbeans-eventspy.jar -Dfile.encoding=UTF-8 spring-boot:run

Host: AMD FX(tm)-4100 Quad-Core Processor            , 2 cores, 7G,  Windows 7 , 64 bit Build 7601 (6.1.7601.24384)
Time: Mon Jun 12 00:25:17 2023 Hora est. Pacífico, Sudamérica elapsed time: 5.238316 seconds (0d 0h 0m 5s)

---------------  T H R E A D  ---------------

Current thread (0x000000002061a630):  VMThread "VM Thread" [stack: 0x00000000210f0000,0x00000000211f0000] [id=5848]

Stack: [0x00000000210f0000,0x00000000211f0000]
Native frames: (J=compiled Java code, j=interpreted, Vv=VM code, C=native code)
V  [jvm.dll+0x676a4a]
V  [jvm.dll+0x7d74f4]
V  [jvm.dll+0x7d8c9e]
V  [jvm.dll+0x7d9303]
V  [jvm.dll+0x2452c5]
V  [jvm.dll+0x6738f9]
V  [jvm.dll+0x668232]
V  [jvm.dll+0x302826]
V  [jvm.dll+0x309da6]
V  [jvm.dll+0x35952e]
V  [jvm.dll+0x35975f]
V  [jvm.dll+0x2d9a38]
V  [jvm.dll+0x2d7e45]
V  [jvm.dll+0x2d744c]
V  [jvm.dll+0x31ab1b]
V  [jvm.dll+0x7ddb0b]
V  [jvm.dll+0x7de844]
V  [jvm.dll+0x7ded5d]
V  [jvm.dll+0x7df134]
V  [jvm.dll+0x7df200]
V  [jvm.dll+0x78759a]
V  [jvm.dll+0x675875]
C  [ucrtbase.DLL+0x214c2]
C  [kernel32.dll+0x1570d]
C  [ntdll.dll+0x5385d]

VM_Operation (0x000000000235c640): G1CollectForAllocation, mode: safepoint, requested by thread 0x0000000000371ca0


---------------  P R O C E S S  ---------------

Threads class SMR info:
_java_thread_list=0x0000000020742c10, length=12, elements={
0x0000000000371ca0, 0x0000000020621070, 0x0000000020622610, 0x000000002062f850,
0x0000000020630110, 0x00000000206312b0, 0x0000000020632b70, 0x000000002063a3f0,
0x0000000020635bd0, 0x00000000206370b0, 0x0000000020763fd0, 0x0000000020766730
}

Java Threads: ( => current thread )
  0x0000000000371ca0 JavaThread "main" [_thread_blocked, id=5824, stack(0x0000000002260000,0x0000000002360000)]
  0x0000000020621070 JavaThread "Reference Handler" daemon [_thread_blocked, id=5852, stack(0x0000000021330000,0x0000000021430000)]
  0x0000000020622610 JavaThread "Finalizer" daemon [_thread_blocked, id=5856, stack(0x0000000020390000,0x0000000020490000)]
  0x000000002062f850 JavaThread "Signal Dispatcher" daemon [_thread_blocked, id=5860, stack(0x00000000214d0000,0x00000000215d0000)]
  0x0000000020630110 JavaThread "Attach Listener" daemon [_thread_blocked, id=5864, stack(0x0000000021700000,0x0000000021800000)]
  0x00000000206312b0 JavaThread "Service Thread" daemon [_thread_blocked, id=5868, stack(0x0000000021870000,0x0000000021970000)]
  0x0000000020632b70 JavaThread "Monitor Deflation Thread" daemon [_thread_blocked, id=5872, stack(0x00000000219b0000,0x0000000021ab0000)]
  0x000000002063a3f0 JavaThread "C2 CompilerThread0" daemon [_thread_blocked, id=5876, stack(0x0000000021b20000,0x0000000021c20000)]
  0x0000000020635bd0 JavaThread "C1 CompilerThread0" daemon [_thread_blocked, id=5880, stack(0x0000000021220000,0x0000000021320000)]
  0x00000000206370b0 JavaThread "Sweeper thread" daemon [_thread_blocked, id=5884, stack(0x0000000021da0000,0x0000000021ea0000)]
  0x0000000020763fd0 JavaThread "Notification Thread" daemon [_thread_blocked, id=5888, stack(0x0000000021c90000,0x0000000021d90000)]
  0x0000000020766730 JavaThread "Common-Cleaner" daemon [_thread_blocked, id=5896, stack(0x0000000021600000,0x0000000021700000)]

Other Threads:
=>0x000000002061a630 VMThread "VM Thread" [stack: 0x00000000210f0000,0x00000000211f0000] [id=5848]
  0x00000000207664a0 WatcherThread [stack: 0x0000000021f90000,0x0000000022090000] [id=5892]
  0x00000000003cd870 GCTaskThread "GC Thread#0" [stack: 0x000000001db80000,0x000000001dc80000] [id=5828]
  0x000000002242c290 GCTaskThread "GC Thread#1" [stack: 0x00000000225a0000,0x00000000226a0000] [id=5900]
  0x00000000003dfae0 ConcurrentGCThread "G1 Main Marker" [stack: 0x000000001dd60000,0x000000001de60000] [id=5832]
  0x00000000003ed380 ConcurrentGCThread "G1 Conc#0" [stack: 0x000000001d9f0000,0x000000001daf0000] [id=5836]
  0x000000000040fc40 ConcurrentGCThread "G1 Refine#0" [stack: 0x0000000020210000,0x0000000020310000] [id=5840]
  0x00000000200c79d0 ConcurrentGCThread "G1 Service" [stack: 0x0000000020490000,0x0000000020590000] [id=5844]

Threads with active compile tasks:
C2 CompilerThread0     5358 3128   !   4       org.codehaus.plexus.interpolation.StringSearchInterpolator::interpolate (668 bytes)

VM state: at safepoint (normal execution)

VM Mutex/Monitor currently owned by a thread:  ([mutex/lock_event])
[0x0000000000352980] Threads_lock - owner thread: 0x000000002061a630
[0x000000000036dd60] Heap_lock - owner thread: 0x0000000000371ca0

Heap address: 0x0000000088000000, size: 1920 MB, Compressed Oops mode: 32-bit

CDS archive(s) mapped at: [0x0000000800000000-0x0000000800bd0000-0x0000000800bd0000), size 12386304, SharedBaseAddress: 0x0000000800000000, ArchiveRelocationMode: 0.
Compressed class space mapped at: 0x0000000800c00000-0x0000000840c00000, reserved size: 1073741824
Narrow klass base: 0x0000000800000000, Narrow klass shift: 0, Narrow klass range: 0x100000000

GC Precious Log:
 CPUs: 2 total, 2 available
 Memory: 7677M
 Large Page Support: Disabled
 NUMA Support: Disabled
 Compressed Oops: Enabled (32-bit)
 Heap Region Size: 1M
 Heap Min Capacity: 8M
 Heap Initial Capacity: 120M
 Heap Max Capacity: 1920M
 Pre-touch: Disabled
 Parallel Workers: 2
 Concurrent Workers: 1
 Concurrent Refinement Workers: 2
 Periodic GC: Disabled

Heap:
 garbage-first heap   total 122880K, used 14848K [0x0000000088000000, 0x0000000100000000)
  region size 1024K, 5 young (5120K), 5 survivors (5120K)
 Metaspace       used 13096K, committed 13248K, reserved 1064960K
  class space    used 1456K, committed 1536K, reserved 1048576K

Heap Regions: E=young(eden), S=young(survivor), O=old, HS=humongous(starts), HC=humongous(continues), CS=collection set, F=free, OA=open archive, CA=closed archive, TAMS=top-at-mark-start (previous, next)
|   0|0x0000000088000000, 0x0000000088100000, 0x0000000088100000|100%| O|  |TAMS 0x0000000088000000, 0x0000000088000000| Untracked 
|   1|0x0000000088100000, 0x0000000088200000, 0x0000000088200000|100%| O|  |TAMS 0x0000000088100000, 0x0000000088100000| Untracked 
|   2|0x0000000088200000, 0x0000000088300000, 0x0000000088300000|100%| O|  |TAMS 0x0000000088200000, 0x0000000088200000| Untracked 
|   3|0x0000000088300000, 0x0000000088400000, 0x0000000088400000|100%| O|  |TAMS 0x0000000088300000, 0x0000000088300000| Untracked 
|   4|0x0000000088400000, 0x0000000088500000, 0x0000000088500000|100%| O|  |TAMS 0x0000000088400000, 0x0000000088400000| Untracked 
|   5|0x0000000088500000, 0x0000000088600000, 0x0000000088600000|100%| O|  |TAMS 0x0000000088500000, 0x0000000088500000| Untracked 
|   6|0x0000000088600000, 0x0000000088700000, 0x0000000088700000|100%| O|  |TAMS 0x0000000088600000, 0x0000000088600000| Untracked 
|   7|0x0000000088700000, 0x0000000088800000, 0x0000000088800000|100%| O|  |TAMS 0x0000000088700000, 0x0000000088700000| Untracked 
|   8|0x0000000088800000, 0x0000000088900000, 0x0000000088900000|100%| O|  |TAMS 0x0000000088800000, 0x0000000088800000| Untracked 
|   9|0x0000000088900000, 0x0000000088a00000, 0x0000000088a00000|100%| O|  |TAMS 0x0000000088900000, 0x0000000088900000| Untracked 
|  10|0x0000000088a00000, 0x0000000088a00000, 0x0000000088b00000|  0%| F|  |TAMS 0x0000000088a00000, 0x0000000088a00000| Untracked 
|  11|0x0000000088b00000, 0x0000000088b00000, 0x0000000088c00000|  0%| F|  |TAMS 0x0000000088b00000, 0x0000000088b00000| Untracked 
|  12|0x0000000088c00000, 0x0000000088c00000, 0x0000000088d00000|  0%| F|  |TAMS 0x0000000088c00000, 0x0000000088c00000| Untracked 
|  13|0x0000000088d00000, 0x0000000088d00000, 0x0000000088e00000|  0%| F|  |TAMS 0x0000000088d00000, 0x0000000088d00000| Untracked 
|  14|0x0000000088e00000, 0x0000000088e00000, 0x0000000088f00000|  0%| F|  |TAMS 0x0000000088e00000, 0x0000000088e00000| Untracked 
|  15|0x0000000088f00000, 0x0000000088f00000, 0x0000000089000000|  0%| F|  |TAMS 0x0000000088f00000, 0x0000000088f00000| Untracked 
|  16|0x0000000089000000, 0x0000000089000000, 0x0000000089100000|  0%| F|  |TAMS 0x0000000089000000, 0x0000000089000000| Untracked 
|  17|0x0000000089100000, 0x0000000089100000, 0x0000000089200000|  0%| F|  |TAMS 0x0000000089100000, 0x0000000089100000| Untracked 
|  18|0x0000000089200000, 0x0000000089200000, 0x0000000089300000|  0%| F|  |TAMS 0x0000000089200000, 0x0000000089200000| Untracked 
|  19|0x0000000089300000, 0x0000000089300000, 0x0000000089400000|  0%| F|  |TAMS 0x0000000089300000, 0x0000000089300000| Untracked 
|  20|0x0000000089400000, 0x0000000089400000, 0x0000000089500000|  0%| F|  |TAMS 0x0000000089400000, 0x0000000089400000| Untracked 
|  21|0x0000000089500000, 0x0000000089500000, 0x0000000089600000|  0%| F|  |TAMS 0x0000000089500000, 0x0000000089500000| Untracked 
|  22|0x0000000089600000, 0x0000000089600000, 0x0000000089700000|  0%| F|  |TAMS 0x0000000089600000, 0x0000000089600000| Untracked 
|  23|0x0000000089700000, 0x0000000089700000, 0x0000000089800000|  0%| F|  |TAMS 0x0000000089700000, 0x0000000089700000| Untracked 
|  24|0x0000000089800000, 0x0000000089800000, 0x0000000089900000|  0%| F|  |TAMS 0x0000000089800000, 0x0000000089800000| Untracked 
|  25|0x0000000089900000, 0x0000000089900000, 0x0000000089a00000|  0%| F|  |TAMS 0x0000000089900000, 0x0000000089900000| Untracked 
|  26|0x0000000089a00000, 0x0000000089a00000, 0x0000000089b00000|  0%| F|  |TAMS 0x0000000089a00000, 0x0000000089a00000| Untracked 
|  27|0x0000000089b00000, 0x0000000089b00000, 0x0000000089c00000|  0%| F|  |TAMS 0x0000000089b00000, 0x0000000089b00000| Untracked 
|  28|0x0000000089c00000, 0x0000000089c00000, 0x0000000089d00000|  0%| F|  |TAMS 0x0000000089c00000, 0x0000000089c00000| Untracked 
|  29|0x0000000089d00000, 0x0000000089d00000, 0x0000000089e00000|  0%| F|  |TAMS 0x0000000089d00000, 0x0000000089d00000| Untracked 
|  30|0x0000000089e00000, 0x0000000089e00000, 0x0000000089f00000|  0%| F|  |TAMS 0x0000000089e00000, 0x0000000089e00000| Untracked 
|  31|0x0000000089f00000, 0x0000000089f00000, 0x000000008a000000|  0%| F|  |TAMS 0x0000000089f00000, 0x0000000089f00000| Untracked 
|  32|0x000000008a000000, 0x000000008a000000, 0x000000008a100000|  0%| F|  |TAMS 0x000000008a000000, 0x000000008a000000| Untracked 
|  33|0x000000008a100000, 0x000000008a100000, 0x000000008a200000|  0%| F|  |TAMS 0x000000008a100000, 0x000000008a100000| Untracked 
|  34|0x000000008a200000, 0x000000008a200000, 0x000000008a300000|  0%| F|  |TAMS 0x000000008a200000, 0x000000008a200000| Untracked 
|  35|0x000000008a300000, 0x000000008a300000, 0x000000008a400000|  0%| F|  |TAMS 0x000000008a300000, 0x000000008a300000| Untracked 
|  36|0x000000008a400000, 0x000000008a400000, 0x000000008a500000|  0%| F|  |TAMS 0x000000008a400000, 0x000000008a400000| Untracked 
|  37|0x000000008a500000, 0x000000008a500000, 0x000000008a600000|  0%| F|  |TAMS 0x000000008a500000, 0x000000008a500000| Untracked 
|  38|0x000000008a600000, 0x000000008a600000, 0x000000008a700000|  0%| F|  |TAMS 0x000000008a600000, 0x000000008a600000| Untracked 
|  39|0x000000008a700000, 0x000000008a700000, 0x000000008a800000|  0%| F|  |TAMS 0x000000008a700000, 0x000000008a700000| Untracked 
|  40|0x000000008a800000, 0x000000008a800000, 0x000000008a900000|  0%| F|  |TAMS 0x000000008a800000, 0x000000008a800000| Untracked 
|  41|0x000000008a900000, 0x000000008a900000, 0x000000008aa00000|  0%| F|  |TAMS 0x000000008a900000, 0x000000008a900000| Untracked 
|  42|0x000000008aa00000, 0x000000008aa00000, 0x000000008ab00000|  0%| F|  |TAMS 0x000000008aa00000, 0x000000008aa00000| Untracked 
|  43|0x000000008ab00000, 0x000000008ab00000, 0x000000008ac00000|  0%| F|  |TAMS 0x000000008ab00000, 0x000000008ab00000| Untracked 
|  44|0x000000008ac00000, 0x000000008ac00000, 0x000000008ad00000|  0%| F|  |TAMS 0x000000008ac00000, 0x000000008ac00000| Untracked 
|  45|0x000000008ad00000, 0x000000008ad00000, 0x000000008ae00000|  0%| F|  |TAMS 0x000000008ad00000, 0x000000008ad00000| Untracked 
|  46|0x000000008ae00000, 0x000000008ae00000, 0x000000008af00000|  0%| F|  |TAMS 0x000000008ae00000, 0x000000008ae00000| Untracked 
|  47|0x000000008af00000, 0x000000008af00000, 0x000000008b000000|  0%| F|  |TAMS 0x000000008af00000, 0x000000008af00000| Untracked 
|  48|0x000000008b000000, 0x000000008b000000, 0x000000008b100000|  0%| F|  |TAMS 0x000000008b000000, 0x000000008b000000| Untracked 
|  49|0x000000008b100000, 0x000000008b100000, 0x000000008b200000|  0%| F|  |TAMS 0x000000008b100000, 0x000000008b100000| Untracked 
|  50|0x000000008b200000, 0x000000008b200000, 0x000000008b300000|  0%| F|  |TAMS 0x000000008b200000, 0x000000008b200000| Untracked 
|  51|0x000000008b300000, 0x000000008b300000, 0x000000008b400000|  0%| F|  |TAMS 0x000000008b300000, 0x000000008b300000| Untracked 
|  52|0x000000008b400000, 0x000000008b400000, 0x000000008b500000|  0%| F|  |TAMS 0x000000008b400000, 0x000000008b400000| Untracked 
|  53|0x000000008b500000, 0x000000008b500000, 0x000000008b600000|  0%| F|  |TAMS 0x000000008b500000, 0x000000008b500000| Untracked 
|  54|0x000000008b600000, 0x000000008b600000, 0x000000008b700000|  0%| F|  |TAMS 0x000000008b600000, 0x000000008b600000| Untracked 
|  55|0x000000008b700000, 0x000000008b700000, 0x000000008b800000|  0%| F|  |TAMS 0x000000008b700000, 0x000000008b700000| Untracked 
|  56|0x000000008b800000, 0x000000008b800000, 0x000000008b900000|  0%| F|  |TAMS 0x000000008b800000, 0x000000008b800000| Untracked 
|  57|0x000000008b900000, 0x000000008b900000, 0x000000008ba00000|  0%| F|  |TAMS 0x000000008b900000, 0x000000008b900000| Untracked 
|  58|0x000000008ba00000, 0x000000008ba00000, 0x000000008bb00000|  0%| F|  |TAMS 0x000000008ba00000, 0x000000008ba00000| Untracked 
|  59|0x000000008bb00000, 0x000000008bb00000, 0x000000008bc00000|  0%| F|  |TAMS 0x000000008bb00000, 0x000000008bb00000| Untracked 
|  60|0x000000008bc00000, 0x000000008bc00000, 0x000000008bd00000|  0%| F|  |TAMS 0x000000008bc00000, 0x000000008bc00000| Untracked 
|  61|0x000000008bd00000, 0x000000008bd00000, 0x000000008be00000|  0%| F|  |TAMS 0x000000008bd00000, 0x000000008bd00000| Untracked 
|  62|0x000000008be00000, 0x000000008be00000, 0x000000008bf00000|  0%| F|  |TAMS 0x000000008be00000, 0x000000008be00000| Untracked 
|  63|0x000000008bf00000, 0x000000008bf00000, 0x000000008c000000|  0%| F|  |TAMS 0x000000008bf00000, 0x000000008bf00000| Untracked 
|  64|0x000000008c000000, 0x000000008c000000, 0x000000008c100000|  0%| F|  |TAMS 0x000000008c000000, 0x000000008c000000| Untracked 
|  65|0x000000008c100000, 0x000000008c100000, 0x000000008c200000|  0%| F|  |TAMS 0x000000008c100000, 0x000000008c100000| Untracked 
|  66|0x000000008c200000, 0x000000008c200000, 0x000000008c300000|  0%| F|  |TAMS 0x000000008c200000, 0x000000008c200000| Untracked 
|  67|0x000000008c300000, 0x000000008c300000, 0x000000008c400000|  0%| F|  |TAMS 0x000000008c300000, 0x000000008c300000| Untracked 
|  68|0x000000008c400000, 0x000000008c400000, 0x000000008c500000|  0%| F|  |TAMS 0x000000008c400000, 0x000000008c400000| Untracked 
|  69|0x000000008c500000, 0x000000008c500000, 0x000000008c600000|  0%| F|  |TAMS 0x000000008c500000, 0x000000008c500000| Untracked 
|  70|0x000000008c600000, 0x000000008c600000, 0x000000008c700000|  0%| F|  |TAMS 0x000000008c600000, 0x000000008c600000| Untracked 
|  71|0x000000008c700000, 0x000000008c780000, 0x000000008c800000| 50%| S|CS|TAMS 0x000000008c700000, 0x000000008c700000| Complete 
|  72|0x000000008c800000, 0x000000008c900000, 0x000000008c900000|100%| S|CS|TAMS 0x000000008c800000, 0x000000008c800000| Complete 
|  73|0x000000008c900000, 0x000000008ca00000, 0x000000008ca00000|100%| S|CS|TAMS 0x000000008c900000, 0x000000008c900000| Complete 
|  74|0x000000008ca00000, 0x000000008cb00000, 0x000000008cb00000|100%| S|CS|TAMS 0x000000008ca00000, 0x000000008ca00000| Complete 
|  75|0x000000008cb00000, 0x000000008cc00000, 0x000000008cc00000|100%| S|CS|TAMS 0x000000008cb00000, 0x000000008cb00000| Complete 
|  76|0x000000008cc00000, 0x000000008cc00000, 0x000000008cd00000|  0%| F|  |TAMS 0x000000008cc00000, 0x000000008cc00000| Untracked 
|  77|0x000000008cd00000, 0x000000008cd00000, 0x000000008ce00000|  0%| F|  |TAMS 0x000000008cd00000, 0x000000008cd00000| Untracked 
|  78|0x000000008ce00000, 0x000000008ce00000, 0x000000008cf00000|  0%| F|  |TAMS 0x000000008ce00000, 0x000000008ce00000| Untracked 
|  79|0x000000008cf00000, 0x000000008cf00000, 0x000000008d000000|  0%| F|  |TAMS 0x000000008cf00000, 0x000000008cf00000| Untracked 
|  80|0x000000008d000000, 0x000000008d000000, 0x000000008d100000|  0%| F|  |TAMS 0x000000008d000000, 0x000000008d000000| Untracked 
|  81|0x000000008d100000, 0x000000008d100000, 0x000000008d200000|  0%| F|  |TAMS 0x000000008d100000, 0x000000008d100000| Untracked 
|  82|0x000000008d200000, 0x000000008d200000, 0x000000008d300000|  0%| F|  |TAMS 0x000000008d200000, 0x000000008d200000| Untracked 
|  83|0x000000008d300000, 0x000000008d300000, 0x000000008d400000|  0%| F|  |TAMS 0x000000008d300000, 0x000000008d300000| Untracked 
|  84|0x000000008d400000, 0x000000008d400000, 0x000000008d500000|  0%| F|  |TAMS 0x000000008d400000, 0x000000008d400000| Untracked 
|  85|0x000000008d500000, 0x000000008d500000, 0x000000008d600000|  0%| F|  |TAMS 0x000000008d500000, 0x000000008d500000| Untracked 
|  86|0x000000008d600000, 0x000000008d600000, 0x000000008d700000|  0%| F|  |TAMS 0x000000008d600000, 0x000000008d600000| Untracked 
|  87|0x000000008d700000, 0x000000008d700000, 0x000000008d800000|  0%| F|  |TAMS 0x000000008d700000, 0x000000008d700000| Untracked 
|  88|0x000000008d800000, 0x000000008d800000, 0x000000008d900000|  0%| F|  |TAMS 0x000000008d800000, 0x000000008d800000| Untracked 
|  89|0x000000008d900000, 0x000000008d900000, 0x000000008da00000|  0%| F|  |TAMS 0x000000008d900000, 0x000000008d900000| Untracked 
|  90|0x000000008da00000, 0x000000008da00000, 0x000000008db00000|  0%| F|  |TAMS 0x000000008da00000, 0x000000008da00000| Untracked 
|  91|0x000000008db00000, 0x000000008db00000, 0x000000008dc00000|  0%| F|  |TAMS 0x000000008db00000, 0x000000008db00000| Untracked 
|  92|0x000000008dc00000, 0x000000008dc00000, 0x000000008dd00000|  0%| F|  |TAMS 0x000000008dc00000, 0x000000008dc00000| Untracked 
|  93|0x000000008dd00000, 0x000000008dd00000, 0x000000008de00000|  0%| F|  |TAMS 0x000000008dd00000, 0x000000008dd00000| Untracked 
|  94|0x000000008de00000, 0x000000008de00000, 0x000000008df00000|  0%| F|  |TAMS 0x000000008de00000, 0x000000008de00000| Untracked 
|  95|0x000000008df00000, 0x000000008df00000, 0x000000008e000000|  0%| F|  |TAMS 0x000000008df00000, 0x000000008df00000| Untracked 
|  96|0x000000008e000000, 0x000000008e000000, 0x000000008e100000|  0%| F|  |TAMS 0x000000008e000000, 0x000000008e000000| Untracked 
|  97|0x000000008e100000, 0x000000008e100000, 0x000000008e200000|  0%| F|  |TAMS 0x000000008e100000, 0x000000008e100000| Untracked 
|  98|0x000000008e200000, 0x000000008e200000, 0x000000008e300000|  0%| F|  |TAMS 0x000000008e200000, 0x000000008e200000| Untracked 
|  99|0x000000008e300000, 0x000000008e300000, 0x000000008e400000|  0%| F|  |TAMS 0x000000008e300000, 0x000000008e300000| Untracked 
| 100|0x000000008e400000, 0x000000008e400000, 0x000000008e500000|  0%| F|  |TAMS 0x000000008e400000, 0x000000008e400000| Untracked 
| 101|0x000000008e500000, 0x000000008e500000, 0x000000008e600000|  0%| F|  |TAMS 0x000000008e500000, 0x000000008e500000| Untracked 
| 102|0x000000008e600000, 0x000000008e600000, 0x000000008e700000|  0%| F|  |TAMS 0x000000008e600000, 0x000000008e600000| Untracked 
| 103|0x000000008e700000, 0x000000008e700000, 0x000000008e800000|  0%| F|  |TAMS 0x000000008e700000, 0x000000008e700000| Untracked 
| 104|0x000000008e800000, 0x000000008e800000, 0x000000008e900000|  0%| F|  |TAMS 0x000000008e800000, 0x000000008e800000| Untracked 
| 105|0x000000008e900000, 0x000000008e900000, 0x000000008ea00000|  0%| F|  |TAMS 0x000000008e900000, 0x000000008e900000| Untracked 
| 106|0x000000008ea00000, 0x000000008ea00000, 0x000000008eb00000|  0%| F|  |TAMS 0x000000008ea00000, 0x000000008ea00000| Untracked 
| 107|0x000000008eb00000, 0x000000008eb00000, 0x000000008ec00000|  0%| F|  |TAMS 0x000000008eb00000, 0x000000008eb00000| Untracked 
| 108|0x000000008ec00000, 0x000000008ec00000, 0x000000008ed00000|  0%| F|  |TAMS 0x000000008ec00000, 0x000000008ec00000| Untracked 
| 109|0x000000008ed00000, 0x000000008ed00000, 0x000000008ee00000|  0%| F|  |TAMS 0x000000008ed00000, 0x000000008ed00000| Untracked 
| 110|0x000000008ee00000, 0x000000008ee00000, 0x000000008ef00000|  0%| F|  |TAMS 0x000000008ee00000, 0x000000008ee00000| Untracked 
| 111|0x000000008ef00000, 0x000000008ef00000, 0x000000008f000000|  0%| F|  |TAMS 0x000000008ef00000, 0x000000008ef00000| Untracked 
| 112|0x000000008f000000, 0x000000008f000000, 0x000000008f100000|  0%| F|  |TAMS 0x000000008f000000, 0x000000008f000000| Untracked 
| 113|0x000000008f100000, 0x000000008f100000, 0x000000008f200000|  0%| F|  |TAMS 0x000000008f100000, 0x000000008f100000| Untracked 
| 114|0x000000008f200000, 0x000000008f200000, 0x000000008f300000|  0%| F|  |TAMS 0x000000008f200000, 0x000000008f200000| Untracked 
| 115|0x000000008f300000, 0x000000008f300000, 0x000000008f400000|  0%| F|  |TAMS 0x000000008f300000, 0x000000008f300000| Untracked 
| 116|0x000000008f400000, 0x000000008f400000, 0x000000008f500000|  0%| F|  |TAMS 0x000000008f400000, 0x000000008f400000| Untracked 
| 117|0x000000008f500000, 0x000000008f500000, 0x000000008f600000|  0%| F|  |TAMS 0x000000008f500000, 0x000000008f500000| Untracked 
| 118|0x000000008f600000, 0x000000008f600000, 0x000000008f700000|  0%| F|  |TAMS 0x000000008f600000, 0x000000008f600000| Untracked 
| 119|0x000000008f700000, 0x000000008f700000, 0x000000008f800000|  0%| F|  |TAMS 0x000000008f700000, 0x000000008f700000| Untracked 

Card table byte_map: [0x0000000019630000,0x00000000199f0000] _byte_map_base: 0x00000000191f0000

Marking Bits (Prev, Next): (CMBitMap*) 0x00000000003cfd90, (CMBitMap*) 0x00000000003cfdd0
 Prev Bits: [0x0000000019db0000, 0x000000001bbb0000)
 Next Bits: [0x000000001bbb0000, 0x000000001d9b0000)

Polling page: 0x0000000000140000

Metaspace:

Usage:
  Non-class:     11.37 MB used.
      Class:      1.42 MB used.
       Both:     12.79 MB used.

Virtual space:
  Non-class space:       16.00 MB reserved,      11.44 MB ( 71%) committed,  2 nodes.
      Class space:        1.00 GB reserved,       1.50 MB ( <1%) committed,  1 nodes.
             Both:        1.02 GB reserved,      12.94 MB (  1%) committed. 

Chunk freelists:
   Non-Class:  3.25 MB
       Class:  2.51 MB
        Both:  5.76 MB

MaxMetaspaceSize: unlimited
CompressedClassSpaceSize: 1.00 GB
Initial GC threshold: 21.00 MB
Current GC threshold: 21.00 MB
CDS: on
MetaspaceReclaimPolicy: balanced
 - commit_granule_bytes: 65536.
 - commit_granule_words: 8192.
 - virtual_space_node_default_size: 1048576.
 - enlarge_chunks_in_place: 1.
 - new_chunks_are_fully_committed: 0.
 - uncommit_free_chunks: 1.
 - use_allocation_guard: 0.
 - handle_deallocations: 1.


Internal statistics:

num_allocs_failed_limit: 0.
num_arena_births: 76.
num_arena_deaths: 0.
num_vsnodes_births: 3.
num_vsnodes_deaths: 0.
num_space_committed: 207.
num_space_uncommitted: 0.
num_chunks_returned_to_freelist: 0.
num_chunks_taken_from_freelist: 540.
num_chunk_merges: 0.
num_chunk_splits: 378.
num_chunks_enlarged: 291.
num_purges: 0.
num_inconsistent_stats: 0.

CodeHeap 'non-profiled nmethods': size=120064Kb used=1213Kb max_used=1213Kb free=118850Kb
 bounds [0x0000000011b10000, 0x0000000011d80000, 0x0000000019050000]
CodeHeap 'profiled nmethods': size=120000Kb used=6874Kb max_used=6874Kb free=113125Kb
 bounds [0x000000000a050000, 0x000000000a710000, 0x0000000011580000]
CodeHeap 'non-nmethods': size=5696Kb used=1164Kb max_used=1191Kb free=4531Kb
 bounds [0x0000000011580000, 0x00000000117f0000, 0x0000000011b10000]
 total_blobs=3796 nmethods=3340 adapters=368
 compilation: enabled
              stopped_count=0, restarted_count=0
 full_count=0

Compilation events (20 events):
Event: 5.144 Thread 0x0000000020635bd0 3343       2       org.eclipse.aether.util.graph.manager.ClassicDependencyManager::manageDependency (356 bytes)
Event: 5.146 Thread 0x0000000020635bd0 nmethod 3343 0x000000000a701610 code [0x000000000a701940, 0x000000000a7027f8]
Event: 5.146 Thread 0x0000000020635bd0 3344       2       org.eclipse.aether.internal.impl.collect.DefaultDependencyCollector$PremanagedDependency::<init> (88 bytes)
Event: 5.147 Thread 0x0000000020635bd0 nmethod 3344 0x000000000a703010 code [0x000000000a703200, 0x000000000a7038b8]
Event: 5.147 Thread 0x0000000020635bd0 3345       2       org.eclipse.aether.resolution.VersionRangeRequest::<init> (18 bytes)
Event: 5.147 Thread 0x0000000020635bd0 nmethod 3345 0x000000000a703a90 code [0x000000000a703c20, 0x000000000a703df8]
Event: 5.147 Thread 0x0000000020635bd0 3346       2       org.eclipse.aether.internal.impl.collect.DataPool::toKey (9 bytes)
Event: 5.148 Thread 0x0000000020635bd0 nmethod 3346 0x000000000a703e90 code [0x000000000a704040, 0x000000000a7042a8]
Event: 5.148 Thread 0x0000000020635bd0 3347       2       org.eclipse.aether.internal.impl.collect.DataPool::getConstraint (26 bytes)
Event: 5.148 Thread 0x0000000020635bd0 nmethod 3347 0x000000000a704390 code [0x000000000a704540, 0x000000000a704718]
Event: 5.148 Thread 0x0000000020635bd0 3348   !   2       org.eclipse.aether.internal.impl.collect.DefaultDependencyCollector::resolveCachedArtifactDescriptor (84 bytes)
Event: 5.149 Thread 0x0000000020635bd0 nmethod 3348 0x000000000a704810 code [0x000000000a704a20, 0x000000000a704eb8]
Event: 5.149 Thread 0x0000000020635bd0 3349       2       org.eclipse.aether.graph.DefaultDependencyNode::<init> (72 bytes)
Event: 5.149 Thread 0x0000000020635bd0 nmethod 3349 0x000000000a705290 code [0x000000000a705460, 0x000000000a705968]
Event: 5.149 Thread 0x0000000020635bd0 3350       2       org.eclipse.aether.internal.impl.collect.DefaultDependencyCollector$PremanagedDependency::applyTo (66 bytes)
Event: 5.149 Thread 0x0000000020635bd0 nmethod 3350 0x000000000a705a90 code [0x000000000a705c60, 0x000000000a705e88]
Event: 5.149 Thread 0x0000000020635bd0 3351       2       org.eclipse.aether.graph.DefaultDependencyNode::setRelocations (29 bytes)
Event: 5.150 Thread 0x0000000020635bd0 nmethod 3351 0x000000000a705f90 code [0x000000000a706140, 0x000000000a706388]
Event: 5.150 Thread 0x0000000020635bd0 3352       2       org.eclipse.aether.graph.DefaultDependencyNode::setAliases (29 bytes)
Event: 5.150 Thread 0x0000000020635bd0 nmethod 3352 0x000000000a706410 code [0x000000000a7065c0, 0x000000000a706808]

GC Heap History (9 events):
Event: 0.607 GC heap before
{Heap before GC invocations=0 (full 0):
 garbage-first heap   total 122880K, used 6144K [0x0000000088000000, 0x0000000100000000)
  region size 1024K, 6 young (6144K), 0 survivors (0K)
 Metaspace       used 1928K, committed 2112K, reserved 1056768K
  class space    used 165K, committed 256K, reserved 1048576K
}
Event: 0.628 GC heap after
{Heap after GC invocations=1 (full 0):
 garbage-first heap   total 122880K, used 2177K [0x0000000088000000, 0x0000000100000000)
  region size 1024K, 1 young (1024K), 1 survivors (1024K)
 Metaspace       used 1928K, committed 2112K, reserved 1056768K
  class space    used 165K, committed 256K, reserved 1048576K
}
Event: 1.204 GC heap before
{Heap before GC invocations=1 (full 0):
 garbage-first heap   total 122880K, used 7297K [0x0000000088000000, 0x0000000100000000)
  region size 1024K, 6 young (6144K), 1 survivors (1024K)
 Metaspace       used 3154K, committed 3264K, reserved 1056768K
  class space    used 320K, committed 384K, reserved 1048576K
}
Event: 1.212 GC heap after
{Heap after GC invocations=2 (full 0):
 garbage-first heap   total 122880K, used 3072K [0x0000000088000000, 0x0000000100000000)
  region size 1024K, 1 young (1024K), 1 survivors (1024K)
 Metaspace       used 3154K, committed 3264K, reserved 1056768K
  class space    used 320K, committed 384K, reserved 1048576K
}
Event: 1.754 GC heap before
{Heap before GC invocations=2 (full 0):
 garbage-first heap   total 122880K, used 11264K [0x0000000088000000, 0x0000000100000000)
  region size 1024K, 9 young (9216K), 1 survivors (1024K)
 Metaspace       used 4676K, committed 4864K, reserved 1056768K
  class space    used 542K, committed 640K, reserved 1048576K
}
Event: 1.764 GC heap after
{Heap after GC invocations=3 (full 0):
 garbage-first heap   total 122880K, used 3565K [0x0000000088000000, 0x0000000100000000)
  region size 1024K, 2 young (2048K), 2 survivors (2048K)
 Metaspace       used 4676K, committed 4864K, reserved 1056768K
  class space    used 542K, committed 640K, reserved 1048576K
}
Event: 4.390 GC heap before
{Heap before GC invocations=3 (full 0):
 garbage-first heap   total 122880K, used 75245K [0x0000000088000000, 0x0000000100000000)
  region size 1024K, 72 young (73728K), 2 survivors (2048K)
 Metaspace       used 12542K, committed 12736K, reserved 1064960K
  class space    used 1450K, committed 1536K, reserved 1048576K
}
Event: 4.422 GC heap after
{Heap after GC invocations=4 (full 0):
 garbage-first heap   total 122880K, used 10367K [0x0000000088000000, 0x0000000100000000)
  region size 1024K, 9 young (9216K), 9 survivors (9216K)
 Metaspace       used 12542K, committed 12736K, reserved 1064960K
  class space    used 1450K, committed 1536K, reserved 1048576K
}
Event: 5.152 GC heap before
{Heap before GC invocations=4 (full 0):
 garbage-first heap   total 122880K, used 55423K [0x0000000088000000, 0x0000000100000000)
  region size 1024K, 53 young (54272K), 9 survivors (9216K)
 Metaspace       used 13096K, committed 13248K, reserved 1064960K
  class space    used 1456K, committed 1536K, reserved 1048576K
}

Deoptimization events (20 events):
Event: 4.546 Thread 0x0000000000371ca0 Uncommon trap: trap_request=0xffffffbe fr.pc=0x0000000011c1bea0 relative=0x00000000000011a0
Event: 4.546 Thread 0x0000000000371ca0 Uncommon trap: reason=profile_predicate action=maybe_recompile pc=0x0000000011c1bea0 method=java.util.regex.Pattern$CharPropertyGreedy.match(Ljava/util/regex/Matcher;ILjava/lang/CharSequence;)Z @ 15 c2
Event: 4.546 Thread 0x0000000000371ca0 DEOPT PACKING pc=0x0000000011c1bea0 sp=0x000000000235c610
Event: 4.546 Thread 0x0000000000371ca0 DEOPT UNPACKING pc=0x00000000115d23a3 sp=0x000000000235c5a0 mode 2
Event: 4.546 Thread 0x0000000000371ca0 Uncommon trap: trap_request=0xffffffbe fr.pc=0x0000000011c1bea0 relative=0x00000000000011a0
Event: 4.546 Thread 0x0000000000371ca0 Uncommon trap: reason=profile_predicate action=maybe_recompile pc=0x0000000011c1bea0 method=java.util.regex.Pattern$CharPropertyGreedy.match(Ljava/util/regex/Matcher;ILjava/lang/CharSequence;)Z @ 15 c2
Event: 4.546 Thread 0x0000000000371ca0 DEOPT PACKING pc=0x0000000011c1bea0 sp=0x000000000235c440
Event: 4.546 Thread 0x0000000000371ca0 DEOPT UNPACKING pc=0x00000000115d23a3 sp=0x000000000235c3d0 mode 2
Event: 4.679 Thread 0x0000000000371ca0 Uncommon trap: trap_request=0xffffff45 fr.pc=0x0000000011b80334 relative=0x0000000000000574
Event: 4.679 Thread 0x0000000000371ca0 Uncommon trap: reason=unstable_if action=reinterpret pc=0x0000000011b80334 method=java.lang.String.regionMatches(ZILjava/lang/String;II)Z @ 21 c2
Event: 4.679 Thread 0x0000000000371ca0 DEOPT PACKING pc=0x0000000011b80334 sp=0x000000000235c800
Event: 4.679 Thread 0x0000000000371ca0 DEOPT UNPACKING pc=0x00000000115d23a3 sp=0x000000000235c7a8 mode 2
Event: 4.755 Thread 0x0000000000371ca0 Uncommon trap: trap_request=0xffffff45 fr.pc=0x0000000011bb818c relative=0x000000000000260c
Event: 4.755 Thread 0x0000000000371ca0 Uncommon trap: reason=unstable_if action=reinterpret pc=0x0000000011bb818c method=org.codehaus.plexus.util.xml.pull.MXParser.isS(C)Z @ 21 c2
Event: 4.755 Thread 0x0000000000371ca0 DEOPT PACKING pc=0x0000000011bb818c sp=0x000000000235c8d0
Event: 4.755 Thread 0x0000000000371ca0 DEOPT UNPACKING pc=0x00000000115d23a3 sp=0x000000000235c808 mode 2
Event: 5.024 Thread 0x0000000000371ca0 Uncommon trap: trap_request=0xffffffcc fr.pc=0x0000000011c378f4 relative=0x00000000000001d4
Event: 5.024 Thread 0x0000000000371ca0 Uncommon trap: reason=intrinsic_or_type_checked_inlining action=make_not_entrant pc=0x0000000011c378f4 method=java.util.Arrays.copyOf([Ljava/lang/Object;ILjava/lang/Class;)[Ljava/lang/Object; @ 35 c2
Event: 5.024 Thread 0x0000000000371ca0 DEOPT PACKING pc=0x0000000011c378f4 sp=0x000000000235b450
Event: 5.024 Thread 0x0000000000371ca0 DEOPT UNPACKING pc=0x00000000115d23a3 sp=0x000000000235b3e0 mode 2

Classes unloaded (0 events):
No events

Classes redefined (0 events):
No events

Internal exceptions (18 events):
Event: 0.349 Thread 0x0000000000371ca0 Exception <a 'java/lang/NullPointerException'{0x000000008f417698}> (0x000000008f417698) 
thrown [s\open\src\hotspot\share\interpreter\linkResolver.cpp, line 1350]
Event: 0.371 Thread 0x0000000000371ca0 Exception <a 'java/lang/NullPointerException'{0x000000008f447a68}> (0x000000008f447a68) 
thrown [s\open\src\hotspot\share\interpreter\linkResolver.cpp, line 1350]
Event: 0.371 Thread 0x0000000000371ca0 Exception <a 'java/lang/NullPointerException'{0x000000008f447d40}> (0x000000008f447d40) 
thrown [s\open\src\hotspot\share\interpreter\linkResolver.cpp, line 1350]
Event: 0.371 Thread 0x0000000000371ca0 Exception <a 'java/lang/NullPointerException'{0x000000008f448018}> (0x000000008f448018) 
thrown [s\open\src\hotspot\share\interpreter\linkResolver.cpp, line 1350]
Event: 0.372 Thread 0x0000000000371ca0 Exception <a 'java/lang/NullPointerException'{0x000000008f44d998}> (0x000000008f44d998) 
thrown [s\open\src\hotspot\share\interpreter\linkResolver.cpp, line 1350]
Event: 0.377 Thread 0x0000000000371ca0 Exception <a 'java/lang/NullPointerException'{0x000000008f462d50}> (0x000000008f462d50) 
thrown [s\open\src\hotspot\share\interpreter\linkResolver.cpp, line 1350]
Event: 0.377 Thread 0x0000000000371ca0 Exception <a 'java/lang/NullPointerException'{0x000000008f463028}> (0x000000008f463028) 
thrown [s\open\src\hotspot\share\interpreter\linkResolver.cpp, line 1350]
Event: 0.377 Thread 0x0000000000371ca0 Exception <a 'java/lang/NullPointerException'{0x000000008f463300}> (0x000000008f463300) 
thrown [s\open\src\hotspot\share\interpreter\linkResolver.cpp, line 1350]
Event: 0.377 Thread 0x0000000000371ca0 Exception <a 'java/lang/NullPointerException'{0x000000008f4635d8}> (0x000000008f4635d8) 
thrown [s\open\src\hotspot\share\interpreter\linkResolver.cpp, line 1350]
Event: 1.346 Thread 0x0000000000371ca0 Exception <a 'java/lang/NoSuchMethodError'{0x000000008f5b3638}: 'java.lang.Object java.lang.invoke.DirectMethodHandle$Holder.newInvokeSpecial(java.lang.Object, java.lang.Object, java.lang.Object, java.lang.Object, java.lang.Object)'> (0x000000008f5b3638) 
thrown [s\open\src\hotspot\share\interpreter\linkResolver.cpp, line 759]
Event: 1.418 Thread 0x0000000000371ca0 Exception <a 'java/lang/NoClassDefFoundError'{0x000000008f31ae10}: javax/enterprise/inject/Typed> (0x000000008f31ae10) 
thrown [s\open\src\hotspot\share\classfile\systemDictionary.cpp, line 245]
Event: 3.104 Thread 0x0000000000371ca0 Exception <a 'java/lang/NoClassDefFoundError'{0x000000008d52a3c0}: com/google/inject/servlet/ServletModuleTargetVisitor> (0x000000008d52a3c0) 
thrown [s\open\src\hotspot\share\classfile\systemDictionary.cpp, line 245]
Event: 3.279 Thread 0x0000000000371ca0 Exception <a 'java/lang/NoSuchMethodError'{0x000000008d3703e0}: 'java.lang.Object java.lang.invoke.DirectMethodHandle$Holder.invokeStaticInit(java.lang.Object, int, int, int, int)'> (0x000000008d3703e0) 
thrown [s\open\src\hotspot\share\interpreter\linkResolver.cpp, line 759]
Event: 3.476 Thread 0x0000000000371ca0 Implicit null exception at 0x0000000011bad8f2 to 0x0000000011bade5c
Event: 3.476 Thread 0x0000000000371ca0 Implicit null exception at 0x0000000011b39f72 to 0x0000000011b3a514
Event: 4.186 Thread 0x0000000000371ca0 Implicit null exception at 0x0000000011bc3abe to 0x0000000011bc4304
Event: 4.186 Thread 0x0000000000371ca0 Implicit null exception at 0x0000000011b8d0ea to 0x0000000011b8d29c
Event: 4.186 Thread 0x0000000000371ca0 Implicit null exception at 0x0000000011b7968f to 0x0000000011b79709

VM Operations (20 events):
Event: 3.049 Executing VM operation: HandshakeAllThreads done
Event: 3.250 Executing VM operation: HandshakeAllThreads
Event: 3.250 Executing VM operation: HandshakeAllThreads done
Event: 3.303 Executing VM operation: ICBufferFull
Event: 3.304 Executing VM operation: ICBufferFull done
Event: 3.321 Executing VM operation: HandshakeAllThreads
Event: 3.321 Executing VM operation: HandshakeAllThreads done
Event: 3.439 Executing VM operation: HandshakeAllThreads
Event: 3.439 Executing VM operation: HandshakeAllThreads done
Event: 3.440 Executing VM operation: HandshakeAllThreads
Event: 3.440 Executing VM operation: HandshakeAllThreads done
Event: 4.066 Executing VM operation: ICBufferFull
Event: 4.076 Executing VM operation: ICBufferFull done
Event: 4.389 Executing VM operation: ICBufferFull
Event: 4.390 Executing VM operation: ICBufferFull done
Event: 4.390 Executing VM operation: G1CollectForAllocation
Event: 4.422 Executing VM operation: G1CollectForAllocation done
Event: 5.090 Executing VM operation: ICBufferFull
Event: 5.090 Executing VM operation: ICBufferFull done
Event: 5.151 Executing VM operation: G1CollectForAllocation

Events (20 events):
Event: 3.442 loading class java/util/regex/Pattern$Pos
Event: 3.442 loading class java/util/regex/Pattern$Pos done
Event: 3.486 loading class java/util/Formatter$FixedString
Event: 3.486 loading class java/util/Formatter$FixedString done
Event: 3.567 loading class sun/util/resources/LocaleData$CommonResourceBundleProvider
Event: 3.567 loading class sun/util/resources/LocaleData$LocaleDataResourceBundleProvider
Event: 3.567 loading class java/util/spi/ResourceBundleProvider
Event: 3.567 loading class java/util/spi/ResourceBundleProvider done
Event: 3.567 loading class sun/util/resources/LocaleData$LocaleDataResourceBundleProvider done
Event: 3.567 loading class sun/util/resources/LocaleData$CommonResourceBundleProvider done
Event: 3.568 loading class sun/util/resources/Bundles$2
Event: 3.568 loading class sun/util/resources/Bundles$2 done
Event: 3.617 loading class java/lang/Short$ShortCache
Event: 3.617 loading class java/lang/Short$ShortCache done
Event: 3.617 loading class java/lang/Byte$ByteCache
Event: 3.617 loading class java/lang/Byte$ByteCache done
Event: 3.998 loading class java/util/LinkedList$ListItr
Event: 3.998 loading class java/util/LinkedList$ListItr done
Event: 5.015 loading class sun/nio/cs/ISO_8859_1$Decoder
Event: 5.015 loading class sun/nio/cs/ISO_8859_1$Decoder done


Dynamic libraries:
0x000000013f580000 - 0x000000013f590000 	C:\Program Files\Java\jdk-17\bin\java.exe
0x00000000770e0000 - 0x000000007727f000 	C:\Windows\SYSTEM32\ntdll.dll
0x0000000076ec0000 - 0x0000000076fdf000 	C:\Windows\system32\kernel32.dll
0x000007fefcf30000 - 0x000007fefcf9a000 	C:\Windows\system32\KERNELBASE.dll
0x000007fefbd10000 - 0x000007fefbd29000 	C:\Program Files\Java\jdk-17\bin\jli.dll
0x000007feff0d0000 - 0x000007feff1ab000 	C:\Windows\system32\ADVAPI32.dll
0x000007feff330000 - 0x000007feff3cf000 	C:\Windows\system32\msvcrt.dll
0x000007feff1b0000 - 0x000007feff1cf000 	C:\Windows\SYSTEM32\sechost.dll
0x000007fefed20000 - 0x000007fefee4c000 	C:\Windows\system32\RPCRT4.dll
0x000007fefb590000 - 0x000007fefb784000 	C:\Windows\WinSxS\amd64_microsoft.windows.common-controls_6595b64144ccf1df_6.0.7601.17514_none_fa396087175ac9ac\COMCTL32.dll
0x000007fefd930000 - 0x000007fefd997000 	C:\Windows\system32\GDI32.dll
0x0000000076fe0000 - 0x00000000770da000 	C:\Windows\system32\USER32.dll
0x000007fefe890000 - 0x000007fefe89e000 	C:\Windows\system32\LPK.dll
0x000007fefec30000 - 0x000007fefecf9000 	C:\Windows\system32\USP10.dll
0x000007fefd850000 - 0x000007fefd8c1000 	C:\Windows\system32\SHLWAPI.dll
0x000007fefbfe0000 - 0x000007fefbfec000 	C:\Windows\system32\VERSION.dll
0x000007fef4f90000 - 0x000007fef4fab000 	C:\Program Files\Java\jdk-17\bin\VCRUNTIME140.dll
0x000007fef4f80000 - 0x000007fef4f84000 	C:\Program Files\Java\jdk-17\bin\api-ms-win-crt-runtime-l1-1-0.dll
0x000007fee2a90000 - 0x000007fee2b90000 	C:\Program Files\Java\jdk-17\bin\ucrtbase.DLL
0x000007fefbd70000 - 0x000007fefbd73000 	C:\Program Files\Java\jdk-17\bin\api-ms-win-core-localization-l1-2-0.dll
0x000007fefbd60000 - 0x000007fefbd63000 	C:\Program Files\Java\jdk-17\bin\api-ms-win-core-processthreads-l1-1-1.dll
0x000007fefbc60000 - 0x000007fefbc63000 	C:\Program Files\Java\jdk-17\bin\api-ms-win-core-file-l1-2-0.dll
0x000007fefbd00000 - 0x000007fefbd03000 	C:\Program Files\Java\jdk-17\bin\api-ms-win-core-timezone-l1-1-0.dll
0x000007fefb4e0000 - 0x000007fefb4e3000 	C:\Program Files\Java\jdk-17\bin\api-ms-win-core-file-l2-1-0.dll
0x000007fefba60000 - 0x000007fefba63000 	C:\Program Files\Java\jdk-17\bin\api-ms-win-core-synch-l1-2-0.dll
0x000007fee3a50000 - 0x000007fee3a53000 	C:\Program Files\Java\jdk-17\bin\api-ms-win-crt-heap-l1-1-0.dll
0x000007fee3a60000 - 0x000007fee3a64000 	C:\Program Files\Java\jdk-17\bin\api-ms-win-crt-string-l1-1-0.dll
0x000007fee3a30000 - 0x000007fee3a34000 	C:\Program Files\Java\jdk-17\bin\api-ms-win-crt-stdio-l1-1-0.dll
0x000007fee3a40000 - 0x000007fee3a44000 	C:\Program Files\Java\jdk-17\bin\api-ms-win-crt-convert-l1-1-0.dll
0x000007fee3a00000 - 0x000007fee3a03000 	C:\Program Files\Java\jdk-17\bin\api-ms-win-crt-environment-l1-1-0.dll
0x000007fee39d0000 - 0x000007fee39d3000 	C:\Program Files\Java\jdk-17\bin\api-ms-win-crt-filesystem-l1-1-0.dll
0x000007fee3a20000 - 0x000007fee3a25000 	C:\Program Files\Java\jdk-17\bin\api-ms-win-crt-math-l1-1-0.dll
0x000007fee3b60000 - 0x000007fee3b63000 	C:\Program Files\Java\jdk-17\bin\api-ms-win-crt-locale-l1-1-0.dll
0x000007fefd820000 - 0x000007fefd84e000 	C:\Windows\system32\IMM32.DLL
0x000007feff220000 - 0x000007feff329000 	C:\Windows\system32\MSCTF.dll
0x000007fee3a10000 - 0x000007fee3a1c000 	C:\Program Files\Java\jdk-17\bin\vcruntime140_1.dll
0x000007fee3aa0000 - 0x000007fee3b2e000 	C:\Program Files\Java\jdk-17\bin\msvcp140.dll
0x000007fee39e0000 - 0x000007fee39e3000 	C:\Program Files\Java\jdk-17\bin\api-ms-win-crt-time-l1-1-0.dll
0x000007fee39f0000 - 0x000007fee39f3000 	C:\Program Files\Java\jdk-17\bin\api-ms-win-crt-utility-l1-1-0.dll
0x000007fee1c00000 - 0x000007fee27dd000 	C:\Program Files\Java\jdk-17\bin\server\jvm.dll
0x000007fef4e00000 - 0x000007fef4e09000 	C:\Windows\system32\WSOCK32.dll
0x000007feff1d0000 - 0x000007feff21d000 	C:\Windows\system32\WS2_32.dll
0x000007fefd4c0000 - 0x000007fefd4c8000 	C:\Windows\system32\NSI.dll
0x000007fef86a0000 - 0x000007fef86db000 	C:\Windows\system32\WINMM.dll
0x0000000077280000 - 0x0000000077287000 	C:\Windows\system32\PSAPI.DLL
0x000007fee3950000 - 0x000007fee395a000 	C:\Program Files\Java\jdk-17\bin\jimage.dll
0x000007fef8050000 - 0x000007fef8175000 	C:\Windows\system32\DBGHELP.DLL
0x000007fee3960000 - 0x000007fee3985000 	C:\Program Files\Java\jdk-17\bin\java.dll
0x000007fee3370000 - 0x000007fee3447000 	C:\Program Files\Java\jdk-17\bin\jsvml.dll
0x000007fefdb00000 - 0x000007fefe888000 	C:\Windows\system32\SHELL32.dll
0x000007fefd2b0000 - 0x000007fefd4b3000 	C:\Windows\system32\ole32.dll
0x000007fefcef0000 - 0x000007fefceff000 	C:\Windows\system32\profapi.dll
0x000007fee3b70000 - 0x000007fee3b89000 	C:\Program Files\Java\jdk-17\bin\net.dll
0x000007fef9800000 - 0x000007fef9871000 	C:\Windows\system32\WINHTTP.dll
0x000007fef9790000 - 0x000007fef97f4000 	C:\Windows\system32\webio.dll
0x000007fefc640000 - 0x000007fefc695000 	C:\Windows\system32\mswsock.dll
0x000007fefc630000 - 0x000007fefc637000 	C:\Windows\System32\wship6.dll
0x000007fee3b90000 - 0x000007fee3ba6000 	C:\Program Files\Java\jdk-17\bin\nio.dll
0x000007fee3b30000 - 0x000007fee3b48000 	C:\Program Files\Java\jdk-17\bin\zip.dll
0x0000000069ac0000 - 0x0000000069ae4000 	C:\Program Files\NetBeans-13\netbeans\java\maven\lib\jansi-native\Windows\x86_64\jansi.dll
0x000007fef39f0000 - 0x000007fef3a00000 	C:\Program Files\Java\jdk-17\bin\verify.dll

dbghelp: loaded successfully - version: 4.0.5 - missing functions: none
symbol engine: initialized successfully - sym options: 0x614 - pdb path: .;C:\Program Files\Java\jdk-17\bin;C:\Windows\SYSTEM32;C:\Windows\WinSxS\amd64_microsoft.windows.common-controls_6595b64144ccf1df_6.0.7601.17514_none_fa396087175ac9ac;C:\Program Files\Java\jdk-17\bin\server;C:\Program Files\NetBeans-13\netbeans\java\maven\lib\jansi-native\Windows\x86_64

VM Arguments:
jvm_args: -Dclassworlds.conf=C:\Program Files\NetBeans-13\netbeans\java\maven\bin\m2.conf -Dmaven.home=C:\Program Files\NetBeans-13\netbeans\java\maven -Dlibrary.jansi.path=C:\Program Files\NetBeans-13\netbeans\java\maven\lib\jansi-native -Dmaven.multiModuleProjectDirectory=C:\Users\HOSTOS\Documents\NBProyects\ApiAuth 
java_command: org.codehaus.plexus.classworlds.launcher.Launcher -Drun.jvmArguments=-noverify -XX:TieredStopAtLevel=1 -Drun.mainClass=pe.mybusiness.ApiAuth.ApiAuthApplication -Dexec.vmArgs= -Dexec.appArgs= -Dmaven.ext.class.path=C:\Program Files\NetBeans-13\netbeans\java\maven-nblib\netbeans-eventspy.jar -Dfile.encoding=UTF-8 spring-boot:run
java_class_path (initial): C:\Program Files\NetBeans-13\netbeans\java\maven\boot\plexus-classworlds-2.6.0.jar
Launcher Type: SUN_STANDARD

[Global flags]
     intx CICompilerCount                          = 2                                         {product} {ergonomic}
     uint ConcGCThreads                            = 1                                         {product} {ergonomic}
     uint G1ConcRefinementThreads                  = 2                                         {product} {ergonomic}
   size_t G1HeapRegionSize                         = 1048576                                   {product} {ergonomic}
    uintx GCDrainStackTargetSize                   = 64                                        {product} {ergonomic}
   size_t InitialHeapSize                          = 125829120                                 {product} {ergonomic}
   size_t MarkStackSize                            = 4194304                                   {product} {ergonomic}
   size_t MaxHeapSize                              = 2013265920                                {product} {ergonomic}
   size_t MaxNewSize                               = 1207959552                                {product} {ergonomic}
   size_t MinHeapDeltaBytes                        = 1048576                                   {product} {ergonomic}
   size_t MinHeapSize                              = 8388608                                   {product} {ergonomic}
    uintx NonNMethodCodeHeapSize                   = 5826188                                {pd product} {ergonomic}
    uintx NonProfiledCodeHeapSize                  = 122916026                              {pd product} {ergonomic}
    uintx ProfiledCodeHeapSize                     = 122916026                              {pd product} {ergonomic}
    uintx ReservedCodeCacheSize                    = 251658240                              {pd product} {ergonomic}
     bool SegmentedCodeCache                       = true                                      {product} {ergonomic}
   size_t SoftMaxHeapSize                          = 2013265920                             {manageable} {ergonomic}
     bool UseCompressedClassPointers               = true                           {product lp64_product} {ergonomic}
     bool UseCompressedOops                        = true                           {product lp64_product} {ergonomic}
     bool UseG1GC                                  = true                                      {product} {ergonomic}
     bool UseLargePagesIndividualAllocation        = false                                  {pd product} {ergonomic}

Logging:
Log output configuration:
 #0: stdout all=warning uptime,level,tags
 #1: stderr all=off uptime,level,tags

Environment Variables:
JAVA_HOME=C:\Program Files\Java\jdk-17
PATH=C:\Program Files\Common Files\Oracle\Java\javapath;C:\Windows\system32;C:\Windows;C:\Windows\System32\Wbem;C:\Windows\System32\WindowsPowerShell\v1.0\;C:\Program Files\Git\cmd;C:\Program Files (x86)\Microsoft SQL Server\160\DTS\Binn\;C:\Program Files\Azure Data Studio\bin;C:\Program Files\MySQL\MySQL Shell 8.0\bin\;C:\Program Files\Azure Data Studio\bin
USERNAME=HOSTOS
OS=Windows_NT
PROCESSOR_IDENTIFIER=AMD64 Family 21 Model 1 Stepping 2, AuthenticAMD



---------------  S Y S T E M  ---------------

OS:
 Windows 7 , 64 bit Build 7601 (6.1.7601.24384)
OS uptime: 0 days 6:20 hours

CPU: total 2 (initial active 2) (2 cores per cpu, 1 threads per core) family 21 model 1 stepping 2 microcode 0x0, cx8, cmov, fxsr, mmx, 3dnowpref, sse, sse2, sse3, ssse3, sse4a, sse4.1, sse4.2, popcnt, lzcnt, tsc, tscinvbit, avx, aes, clmul, vzeroupper, clflush

Memory: 4k page, system-wide physical 7677M (1331M free)
TotalPageFile size 8698M (AvailPageFile size 23M)
current process WorkingSet (physical memory assigned to process): 169M, peak: 171M
current process commit charge ("private bytes"): 239M, peak: 262M

vm_info: Java HotSpot(TM) 64-Bit Server VM (17.0.7+8-LTS-224) for windows-amd64 JRE (17.0.7+8-LTS-224), built on Feb 28 2023 23:03:02 by "mach5one" with MS VC++ 17.1 (VS2022)

END.
